This file contains any messages produced by compilers while
running configure, to aid debugging if configure makes a mistake.

It was created by testweno configure 0.1, which was
generated by GNU Autoconf 2.69.  Invocation command line was

  $ ./configure 

## --------- ##
## Platform. ##
## --------- ##

hostname = renpo-ThinkPad-X1
uname -m = x86_64
uname -r = 5.4.0-97-generic
uname -s = Linux
uname -v = #110-Ubuntu SMP Thu Jan 13 18:22:13 UTC 2022

/usr/bin/uname -p = x86_64
/bin/uname -X     = unknown

/bin/arch              = x86_64
/usr/bin/arch -k       = unknown
/usr/convex/getsysinfo = unknown
/usr/bin/hostinfo      = unknown
/bin/machine           = unknown
/usr/bin/oslevel       = unknown
/bin/universe          = unknown

PATH: /home/renpo/system/anaconda3/condabin
PATH: /home/renpo/.local/bin
PATH: /usr/local/sbin
PATH: /usr/local/bin
PATH: /usr/sbin
PATH: /usr/bin
PATH: /sbin
PATH: /bin
PATH: /usr/games
PATH: /usr/local/games
PATH: /snap/bin
PATH: /home/renpo/system/mpich-install/bin
PATH: /home/renpo/system/hdf5-install/bin/
PATH: /home/renpo/system/Matlab/bin


## ----------- ##
## Core tests. ##
## ----------- ##

configure:2146: checking for g++
configure:2162: found /usr/bin/g++
configure:2173: result: g++
configure:2200: checking for C++ compiler version
configure:2209: g++ --version >&5
g++ (Ubuntu 9.3.0-17ubuntu1~20.04) 9.3.0
Copyright (C) 2019 Free Software Foundation, Inc.
This is free software; see the source for copying conditions.  There is NO
warranty; not even for MERCHANTABILITY or FITNESS FOR A PARTICULAR PURPOSE.

configure:2220: $? = 0
configure:2209: g++ -v >&5
Using built-in specs.
COLLECT_GCC=g++
COLLECT_LTO_WRAPPER=/usr/lib/gcc/x86_64-linux-gnu/9/lto-wrapper
OFFLOAD_TARGET_NAMES=nvptx-none:hsa
OFFLOAD_TARGET_DEFAULT=1
Target: x86_64-linux-gnu
Configured with: ../src/configure -v --with-pkgversion='Ubuntu 9.3.0-17ubuntu1~20.04' --with-bugurl=file:///usr/share/doc/gcc-9/README.Bugs --enable-languages=c,ada,c++,go,brig,d,fortran,objc,obj-c++,gm2 --prefix=/usr --with-gcc-major-version-only --program-suffix=-9 --program-prefix=x86_64-linux-gnu- --enable-shared --enable-linker-build-id --libexecdir=/usr/lib --without-included-gettext --enable-threads=posix --libdir=/usr/lib --enable-nls --enable-clocale=gnu --enable-libstdcxx-debug --enable-libstdcxx-time=yes --with-default-libstdcxx-abi=new --enable-gnu-unique-object --disable-vtable-verify --enable-plugin --enable-default-pie --with-system-zlib --with-target-system-zlib=auto --enable-objc-gc=auto --enable-multiarch --disable-werror --with-arch-32=i686 --with-abi=m64 --with-multilib-list=m32,m64,mx32 --enable-multilib --with-tune=generic --enable-offload-targets=nvptx-none=/build/gcc-9-HskZEa/gcc-9-9.3.0/debian/tmp-nvptx/usr,hsa --without-cuda-driver --enable-checking=release --build=x86_64-linux-gnu --host=x86_64-linux-gnu --target=x86_64-linux-gnu
Thread model: posix
gcc version 9.3.0 (Ubuntu 9.3.0-17ubuntu1~20.04) 
configure:2220: $? = 0
configure:2209: g++ -V >&5
g++: error: unrecognized command line option '-V'
g++: fatal error: no input files
compilation terminated.
configure:2220: $? = 1
configure:2209: g++ -qversion >&5
g++: error: unrecognized command line option '-qversion'; did you mean '--version'?
g++: fatal error: no input files
compilation terminated.
configure:2220: $? = 1
configure:2240: checking whether the C++ compiler works
configure:2262: g++    conftest.cpp  >&5
configure:2266: $? = 0
configure:2314: result: yes
configure:2317: checking for C++ compiler default output file name
configure:2319: result: a.out
configure:2325: checking for suffix of executables
configure:2332: g++ -o conftest    conftest.cpp  >&5
configure:2336: $? = 0
configure:2358: result: 
configure:2380: checking whether we are cross compiling
configure:2388: g++ -o conftest    conftest.cpp  >&5
configure:2392: $? = 0
configure:2399: ./conftest
configure:2403: $? = 0
configure:2391: result: no
configure:2396: checking for suffix of object files
configure:2418: g++ -c   conftest.cpp >&5
configure:2422: $? = 0
configure:2443: result: o
configure:2447: checking whether we are using the GNU C++ compiler
configure:2466: g++ -c   conftest.cpp >&5
configure:2466: $? = 0
configure:2475: result: yes
configure:2484: checking whether g++ accepts -g
configure:2504: g++ -c -g  conftest.cpp >&5
configure:2504: $? = 0
configure:2545: result: yes
configure:2616: checking for gcc
configure:2632: found /usr/bin/gcc
configure:2643: result: gcc
configure:2872: checking for C compiler version
configure:2881: gcc --version >&5
gcc (Ubuntu 9.3.0-17ubuntu1~20.04) 9.3.0
Copyright (C) 2019 Free Software Foundation, Inc.
This is free software; see the source for copying conditions.  There is NO
warranty; not even for MERCHANTABILITY or FITNESS FOR A PARTICULAR PURPOSE.

configure:2892: $? = 0
configure:2881: gcc -v >&5
Using built-in specs.
COLLECT_GCC=gcc
COLLECT_LTO_WRAPPER=/usr/lib/gcc/x86_64-linux-gnu/9/lto-wrapper
OFFLOAD_TARGET_NAMES=nvptx-none:hsa
OFFLOAD_TARGET_DEFAULT=1
Target: x86_64-linux-gnu
Configured with: ../src/configure -v --with-pkgversion='Ubuntu 9.3.0-17ubuntu1~20.04' --with-bugurl=file:///usr/share/doc/gcc-9/README.Bugs --enable-languages=c,ada,c++,go,brig,d,fortran,objc,obj-c++,gm2 --prefix=/usr --with-gcc-major-version-only --program-suffix=-9 --program-prefix=x86_64-linux-gnu- --enable-shared --enable-linker-build-id --libexecdir=/usr/lib --without-included-gettext --enable-threads=posix --libdir=/usr/lib --enable-nls --enable-clocale=gnu --enable-libstdcxx-debug --enable-libstdcxx-time=yes --with-default-libstdcxx-abi=new --enable-gnu-unique-object --disable-vtable-verify --enable-plugin --enable-default-pie --with-system-zlib --with-target-system-zlib=auto --enable-objc-gc=auto --enable-multiarch --disable-werror --with-arch-32=i686 --with-abi=m64 --with-multilib-list=m32,m64,mx32 --enable-multilib --with-tune=generic --enable-offload-targets=nvptx-none=/build/gcc-9-HskZEa/gcc-9-9.3.0/debian/tmp-nvptx/usr,hsa --without-cuda-driver --enable-checking=release --build=x86_64-linux-gnu --host=x86_64-linux-gnu --target=x86_64-linux-gnu
Thread model: posix
gcc version 9.3.0 (Ubuntu 9.3.0-17ubuntu1~20.04) 
configure:2892: $? = 0
configure:2881: gcc -V >&5
gcc: error: unrecognized command line option '-V'
gcc: fatal error: no input files
compilation terminated.
configure:2892: $? = 1
configure:2881: gcc -qversion >&5
gcc: error: unrecognized command line option '-qversion'; did you mean '--version'?
gcc: fatal error: no input files
compilation terminated.
configure:2892: $? = 1
configure:2896: checking whether we are using the GNU C compiler
configure:2915: gcc -c   conftest.c >&5
configure:2915: $? = 0
configure:2924: result: yes
configure:2933: checking whether gcc accepts -g
configure:2953: gcc -c -g  conftest.c >&5
configure:2953: $? = 0
configure:2994: result: yes
configure:3011: checking for gcc option to accept ISO C89
configure:3074: gcc  -c -g -O2  conftest.c >&5
configure:3074: $? = 0
configure:3087: result: none needed
configure:3144: checking whether gcc understands -c and -o together
configure:3166: gcc -c conftest.c -o conftest2.o
configure:3169: $? = 0
configure:3166: gcc -c conftest.c -o conftest2.o
configure:3169: $? = 0
configure:3181: result: yes
configure:3220: checking for a BSD-compatible install
configure:3288: result: /usr/bin/install -c
configure:3299: checking whether build environment is sane
configure:3354: result: yes
configure:3500: checking for a thread-safe mkdir -p
configure:3539: result: /usr/bin/mkdir -p
configure:3546: checking for gawk
configure:3576: result: no
configure:3546: checking for mawk
configure:3562: found /usr/bin/mawk
configure:3573: result: mawk
configure:3584: checking whether make sets $(MAKE)
configure:3606: result: yes
configure:3628: checking whether make supports the include directive
configure:3643: make -f confmf.GNU && cat confinc.out
this is the am__doit target
configure:3646: $? = 0
configure:3665: result: yes (GNU style)
configure:3698: checking whether make supports nested variables
configure:3715: result: yes
configure:3800: checking dependency style of gcc
configure:3911: result: gcc3
configure:3928: checking dependency style of g++
configure:4039: result: gcc3
configure:4107: checking how to run the C preprocessor
configure:4138: gcc -E  conftest.c
configure:4138: $? = 0
configure:4152: gcc -E  conftest.c
conftest.c:11:10: fatal error: ac_nonexistent.h: No such file or directory
   11 | #include <ac_nonexistent.h>
      |          ^~~~~~~~~~~~~~~~~~
compilation terminated.
configure:4152: $? = 1
configure: failed program was:
| /* confdefs.h */
| #define PACKAGE_NAME "testweno"
| #define PACKAGE_TARNAME "testweno"
| #define PACKAGE_VERSION "0.1"
| #define PACKAGE_STRING "testweno 0.1"
| #define PACKAGE_BUGREPORT "chenyu@ices.utexas.edu"
| #define PACKAGE_URL ""
| #define PACKAGE "testweno"
| #define VERSION "0.1"
| /* end confdefs.h.  */
| #include <ac_nonexistent.h>
configure:4177: result: gcc -E
configure:4197: gcc -E  conftest.c
configure:4197: $? = 0
configure:4211: gcc -E  conftest.c
conftest.c:11:10: fatal error: ac_nonexistent.h: No such file or directory
   11 | #include <ac_nonexistent.h>
      |          ^~~~~~~~~~~~~~~~~~
compilation terminated.
configure:4211: $? = 1
configure: failed program was:
| /* confdefs.h */
| #define PACKAGE_NAME "testweno"
| #define PACKAGE_TARNAME "testweno"
| #define PACKAGE_VERSION "0.1"
| #define PACKAGE_STRING "testweno 0.1"
| #define PACKAGE_BUGREPORT "chenyu@ices.utexas.edu"
| #define PACKAGE_URL ""
| #define PACKAGE "testweno"
| #define VERSION "0.1"
| /* end confdefs.h.  */
| #include <ac_nonexistent.h>
configure:4240: checking for grep that handles long lines and -e
configure:4298: result: /usr/bin/grep
configure:4303: checking for egrep
configure:4365: result: /usr/bin/grep -E
configure:4370: checking for ANSI C header files
configure:4390: gcc -c -g -O2  conftest.c >&5
configure:4390: $? = 0
configure:4463: gcc -o conftest -g -O2   conftest.c  >&5
configure:4463: $? = 0
configure:4463: ./conftest
configure:4463: $? = 0
configure:4474: result: yes
configure:4487: checking for sys/types.h
configure:4487: gcc -c -g -O2  conftest.c >&5
configure:4487: $? = 0
configure:4487: result: yes
configure:4487: checking for sys/stat.h
configure:4487: gcc -c -g -O2  conftest.c >&5
configure:4487: $? = 0
configure:4487: result: yes
configure:4487: checking for stdlib.h
configure:4487: gcc -c -g -O2  conftest.c >&5
configure:4487: $? = 0
configure:4487: result: yes
configure:4487: checking for string.h
configure:4487: gcc -c -g -O2  conftest.c >&5
configure:4487: $? = 0
configure:4487: result: yes
configure:4487: checking for memory.h
configure:4487: gcc -c -g -O2  conftest.c >&5
configure:4487: $? = 0
configure:4487: result: yes
configure:4487: checking for strings.h
configure:4487: gcc -c -g -O2  conftest.c >&5
configure:4487: $? = 0
configure:4487: result: yes
configure:4487: checking for inttypes.h
configure:4487: gcc -c -g -O2  conftest.c >&5
configure:4487: $? = 0
configure:4487: result: yes
configure:4487: checking for stdint.h
configure:4487: gcc -c -g -O2  conftest.c >&5
configure:4487: $? = 0
configure:4487: result: yes
configure:4487: checking for unistd.h
configure:4487: gcc -c -g -O2  conftest.c >&5
configure:4487: $? = 0
configure:4487: result: yes
configure:4501: checking for stdlib.h
configure:4501: result: yes
configure:4511: checking for GNU libc compatible malloc
configure:4535: gcc -o conftest -g -O2   conftest.c  >&5
configure:4535: $? = 0
configure:4535: ./conftest
configure:4535: $? = 0
configure:4545: result: yes
configure:4707: checking that generated files are newer than configure
configure:4713: result: done
configure:4740: creating ./config.status

## ---------------------- ##
## Running config.status. ##
## ---------------------- ##

This file was extended by testweno config.status 0.1, which was
generated by GNU Autoconf 2.69.  Invocation command line was

  CONFIG_FILES    = 
  CONFIG_HEADERS  = 
  CONFIG_LINKS    = 
  CONFIG_COMMANDS = 
  $ ./config.status 

on renpo-ThinkPad-X1

config.status:781: creating Makefile
config.status:781: creating test/Makefile
config.status:953: executing depfiles commands
config.status:1030: cd test       && sed -e '/# am--include-marker/d' Makefile         | make -f - am--depfiles
config.status:1035: $? = 0

## ---------------- ##
## Cache variables. ##
## ---------------- ##

ac_cv_c_compiler_gnu=yes
ac_cv_cxx_compiler_gnu=yes
ac_cv_env_CCC_set=
ac_cv_env_CCC_value=
ac_cv_env_CC_set=
ac_cv_env_CC_value=
ac_cv_env_CFLAGS_set=
ac_cv_env_CFLAGS_value=
ac_cv_env_CPPFLAGS_set=
ac_cv_env_CPPFLAGS_value=
ac_cv_env_CPP_set=
ac_cv_env_CPP_value=
ac_cv_env_CXXFLAGS_set=
ac_cv_env_CXXFLAGS_value=
ac_cv_env_CXX_set=
ac_cv_env_CXX_value=
ac_cv_env_LDFLAGS_set=
ac_cv_env_LDFLAGS_value=
ac_cv_env_LIBS_set=
ac_cv_env_LIBS_value=
ac_cv_env_build_alias_set=
ac_cv_env_build_alias_value=
ac_cv_env_host_alias_set=
ac_cv_env_host_alias_value=
ac_cv_env_target_alias_set=
ac_cv_env_target_alias_value=
ac_cv_func_malloc_0_nonnull=yes
ac_cv_header_inttypes_h=yes
ac_cv_header_memory_h=yes
ac_cv_header_stdc=yes
ac_cv_header_stdint_h=yes
ac_cv_header_stdlib_h=yes
ac_cv_header_string_h=yes
ac_cv_header_strings_h=yes
ac_cv_header_sys_stat_h=yes
ac_cv_header_sys_types_h=yes
ac_cv_header_unistd_h=yes
ac_cv_objext=o
ac_cv_path_EGREP='/usr/bin/grep -E'
ac_cv_path_GREP=/usr/bin/grep
ac_cv_path_install='/usr/bin/install -c'
ac_cv_path_mkdir=/usr/bin/mkdir
ac_cv_prog_AWK=mawk
ac_cv_prog_CPP='gcc -E'
ac_cv_prog_ac_ct_CC=gcc
ac_cv_prog_ac_ct_CXX=g++
ac_cv_prog_cc_c89=
ac_cv_prog_cc_g=yes
ac_cv_prog_cxx_g=yes
ac_cv_prog_make_make_set=yes
am_cv_CC_dependencies_compiler_type=gcc3
am_cv_CXX_dependencies_compiler_type=gcc3
am_cv_make_support_nested_variables=yes
am_cv_prog_cc_c_o=yes

## ----------------- ##
## Output variables. ##
## ----------------- ##

ACLOCAL='${SHELL} /home/renpo/Research/MantleSolver/missing aclocal-1.16'
AMDEPBACKSLASH='\'
AMDEP_FALSE='#'
AMDEP_TRUE=''
AMTAR='$${TAR-tar}'
AM_BACKSLASH='\'
AM_DEFAULT_V='$(AM_DEFAULT_VERBOSITY)'
AM_DEFAULT_VERBOSITY='1'
AM_V='$(V)'
AUTOCONF='${SHELL} /home/renpo/Research/MantleSolver/missing autoconf'
AUTOHEADER='${SHELL} /home/renpo/Research/MantleSolver/missing autoheader'
AUTOMAKE='${SHELL} /home/renpo/Research/MantleSolver/missing automake-1.16'
AWK='mawk'
CC='gcc'
CCDEPMODE='depmode=gcc3'
CFLAGS='-g -O2'
CPP='gcc -E'
CPPFLAGS=''
CXX='g++'
CXXDEPMODE='depmode=gcc3'
CXXFLAGS='-g -O2'
CYGPATH_W='echo'
DEFS='-DPACKAGE_NAME=\"testweno\" -DPACKAGE_TARNAME=\"testweno\" -DPACKAGE_VERSION=\"0.1\" -DPACKAGE_STRING=\"testweno\ 0.1\" -DPACKAGE_BUGREPORT=\"chenyu@ices.utexas.edu\" -DPACKAGE_URL=\"\" -DPACKAGE=\"testweno\" -DVERSION=\"0.1\" -DSTDC_HEADERS=1 -DHAVE_SYS_TYPES_H=1 -DHAVE_SYS_STAT_H=1 -DHAVE_STDLIB_H=1 -DHAVE_STRING_H=1 -DHAVE_MEMORY_H=1 -DHAVE_STRINGS_H=1 -DHAVE_INTTYPES_H=1 -DHAVE_STDINT_H=1 -DHAVE_UNISTD_H=1 -DHAVE_STDLIB_H=1 -DHAVE_MALLOC=1'
DEPDIR='.deps'
ECHO_C=''
ECHO_N='-n'
ECHO_T=''
EGREP='/usr/bin/grep -E'
EXEEXT=''
GREP='/usr/bin/grep'
INSTALL_DATA='${INSTALL} -m 644'
INSTALL_PROGRAM='${INSTALL}'
INSTALL_SCRIPT='${INSTALL}'
INSTALL_STRIP_PROGRAM='$(install_sh) -c -s'
LDFLAGS=''
LIBOBJS=''
LIBS=''
LTLIBOBJS=''
MAKEINFO='${SHELL} /home/renpo/Research/MantleSolver/missing makeinfo'
MKDIR_P='/usr/bin/mkdir -p'
OBJEXT='o'
PACKAGE='testweno'
PACKAGE_BUGREPORT='chenyu@ices.utexas.edu'
PACKAGE_NAME='testweno'
PACKAGE_STRING='testweno 0.1'
PACKAGE_TARNAME='testweno'
PACKAGE_URL=''
PACKAGE_VERSION='0.1'
PATH_SEPARATOR=':'
SET_MAKE=''
SHELL='/bin/bash'
STRIP=''
VERSION='0.1'
ac_ct_CC='gcc'
ac_ct_CXX='g++'
am__EXEEXT_FALSE=''
am__EXEEXT_TRUE='#'
am__fastdepCC_FALSE='#'
am__fastdepCC_TRUE=''
am__fastdepCXX_FALSE='#'
am__fastdepCXX_TRUE=''
am__include='include'
am__isrc=''
am__leading_dot='.'
am__nodep='_no'
am__quote=''
am__tar='$${TAR-tar} chof - "$$tardir"'
am__untar='$${TAR-tar} xf -'
bindir='${exec_prefix}/bin'
build_alias=''
datadir='${datarootdir}'
datarootdir='${prefix}/share'
docdir='${datarootdir}/doc/${PACKAGE_TARNAME}'
dvidir='${docdir}'
exec_prefix='${prefix}'
host_alias=''
htmldir='${docdir}'
includedir='${prefix}/include'
infodir='${datarootdir}/info'
install_sh='${SHELL} /home/renpo/Research/MantleSolver/install-sh'
libdir='${exec_prefix}/lib'
libexecdir='${exec_prefix}/libexec'
localedir='${datarootdir}/locale'
localstatedir='${prefix}/var'
mandir='${datarootdir}/man'
mkdir_p='$(MKDIR_P)'
oldincludedir='/usr/include'
pdfdir='${docdir}'
prefix='/usr/local'
program_transform_name='s,x,x,'
psdir='${docdir}'
runstatedir='${localstatedir}/run'
sbindir='${exec_prefix}/sbin'
sharedstatedir='${prefix}/com'
sysconfdir='${prefix}/etc'
target_alias=''

## ----------- ##
## confdefs.h. ##
## ----------- ##

/* confdefs.h */
#define PACKAGE_NAME "testweno"
#define PACKAGE_TARNAME "testweno"
#define PACKAGE_VERSION "0.1"
#define PACKAGE_STRING "testweno 0.1"
#define PACKAGE_BUGREPORT "chenyu@ices.utexas.edu"
#define PACKAGE_URL ""
#define PACKAGE "testweno"
#define VERSION "0.1"
#define STDC_HEADERS 1
#define HAVE_SYS_TYPES_H 1
#define HAVE_SYS_STAT_H 1
#define HAVE_STDLIB_H 1
#define HAVE_STRING_H 1
#define HAVE_MEMORY_H 1
#define HAVE_STRINGS_H 1
#define HAVE_INTTYPES_H 1
#define HAVE_STDINT_H 1
#define HAVE_UNISTD_H 1
#define HAVE_STDLIB_H 1
#define HAVE_MALLOC 1

configure: exit 0
